 * Serving Flask app "Pregunta2" (lazy loading)
 * Environment: production
   WARNING: This is a development server. Do not use it in a production deployment.
   Use a production WSGI server instead.
 * Debug mode: off
Traceback (most recent call last):
  File "Pregunta2.py", line 51, in <module>
    app.run(host='0.0.0.0', port=7890, ssl_context='adhoc')
  File "/home/devasc/.local/lib/python3.8/site-packages/flask/app.py", line 990, in run
    run_simple(host, port, self, **options)
  File "/home/devasc/.local/lib/python3.8/site-packages/werkzeug/serving.py", line 1052, in run_simple
    inner()
  File "/home/devasc/.local/lib/python3.8/site-packages/werkzeug/serving.py", line 996, in inner
    srv = make_server(
  File "/home/devasc/.local/lib/python3.8/site-packages/werkzeug/serving.py", line 847, in make_server
    return ThreadedWSGIServer(
  File "/home/devasc/.local/lib/python3.8/site-packages/werkzeug/serving.py", line 740, in __init__
    HTTPServer.__init__(self, server_address, handler)
  File "/usr/lib/python3.8/socketserver.py", line 452, in __init__
    self.server_bind()
  File "/usr/lib/python3.8/http/server.py", line 138, in server_bind
    socketserver.TCPServer.server_bind(self)
  File "/usr/lib/python3.8/socketserver.py", line 466, in server_bind
    self.socket.bind(self.server_address)
OSError: [Errno 98] Address already in use
 * Serving Flask app "Pregunta2" (lazy loading)
 * Environment: production
   WARNING: This is a development server. Do not use it in a production deployment.
   Use a production WSGI server instead.
 * Debug mode: off
Traceback (most recent call last):
  File "Pregunta2.py", line 51, in <module>
    app.run(host='0.0.0.0', port=7890, ssl_context='adhoc')
  File "/home/devasc/.local/lib/python3.8/site-packages/flask/app.py", line 990, in run
    run_simple(host, port, self, **options)
  File "/home/devasc/.local/lib/python3.8/site-packages/werkzeug/serving.py", line 1052, in run_simple
    inner()
  File "/home/devasc/.local/lib/python3.8/site-packages/werkzeug/serving.py", line 996, in inner
    srv = make_server(
  File "/home/devasc/.local/lib/python3.8/site-packages/werkzeug/serving.py", line 847, in make_server
    return ThreadedWSGIServer(
  File "/home/devasc/.local/lib/python3.8/site-packages/werkzeug/serving.py", line 740, in __init__
    HTTPServer.__init__(self, server_address, handler)
  File "/usr/lib/python3.8/socketserver.py", line 452, in __init__
    self.server_bind()
  File "/usr/lib/python3.8/http/server.py", line 138, in server_bind
    socketserver.TCPServer.server_bind(self)
  File "/usr/lib/python3.8/socketserver.py", line 466, in server_bind
    self.socket.bind(self.server_address)
OSError: [Errno 98] Address already in use
 * Serving Flask app "Pregunta2" (lazy loading)
 * Environment: production
   WARNING: This is a development server. Do not use it in a production deployment.
   Use a production WSGI server instead.
 * Debug mode: off
Traceback (most recent call last):
  File "Pregunta2.py", line 51, in <module>
    app.run(host='0.0.0.0', port=7890, ssl_context='adhoc')
  File "/home/devasc/.local/lib/python3.8/site-packages/flask/app.py", line 990, in run
    run_simple(host, port, self, **options)
  File "/home/devasc/.local/lib/python3.8/site-packages/werkzeug/serving.py", line 1052, in run_simple
    inner()
  File "/home/devasc/.local/lib/python3.8/site-packages/werkzeug/serving.py", line 996, in inner
    srv = make_server(
  File "/home/devasc/.local/lib/python3.8/site-packages/werkzeug/serving.py", line 847, in make_server
    return ThreadedWSGIServer(
  File "/home/devasc/.local/lib/python3.8/site-packages/werkzeug/serving.py", line 740, in __init__
    HTTPServer.__init__(self, server_address, handler)
  File "/usr/lib/python3.8/socketserver.py", line 452, in __init__
    self.server_bind()
  File "/usr/lib/python3.8/http/server.py", line 138, in server_bind
    socketserver.TCPServer.server_bind(self)
  File "/usr/lib/python3.8/socketserver.py", line 466, in server_bind
    self.socket.bind(self.server_address)
OSError: [Errno 98] Address already in use
 * Serving Flask app "Pregunta2" (lazy loading)
 * Environment: production
   WARNING: This is a development server. Do not use it in a production deployment.
   Use a production WSGI server instead.
 * Debug mode: off
 * Running on https://0.0.0.0:7890/ (Press CTRL+C to quit)
127.0.0.1 - - [16/Oct/2024 03:36:43] "[37mPOST /signup HTTP/1.1[0m" 200 -
 * Serving Flask app "Pregunta2" (lazy loading)
 * Environment: production
   WARNING: This is a development server. Do not use it in a production deployment.
   Use a production WSGI server instead.
 * Debug mode: off
Traceback (most recent call last):
  File "Pregunta2.py", line 51, in <module>
    app.run(host='0.0.0.0', port=7890, ssl_context='adhoc')
  File "/home/devasc/.local/lib/python3.8/site-packages/flask/app.py", line 990, in run
    run_simple(host, port, self, **options)
  File "/home/devasc/.local/lib/python3.8/site-packages/werkzeug/serving.py", line 1052, in run_simple
    inner()
  File "/home/devasc/.local/lib/python3.8/site-packages/werkzeug/serving.py", line 996, in inner
    srv = make_server(
  File "/home/devasc/.local/lib/python3.8/site-packages/werkzeug/serving.py", line 847, in make_server
    return ThreadedWSGIServer(
  File "/home/devasc/.local/lib/python3.8/site-packages/werkzeug/serving.py", line 740, in __init__
    HTTPServer.__init__(self, server_address, handler)
  File "/usr/lib/python3.8/socketserver.py", line 452, in __init__
    self.server_bind()
  File "/usr/lib/python3.8/http/server.py", line 138, in server_bind
    socketserver.TCPServer.server_bind(self)
  File "/usr/lib/python3.8/socketserver.py", line 466, in server_bind
    self.socket.bind(self.server_address)
OSError: [Errno 98] Address already in use
127.0.0.1 - - [16/Oct/2024 03:40:16] "[37mPOST /signup HTTP/1.1[0m" 200 -
127.0.0.1 - - [16/Oct/2024 03:41:04] "[37mPOST /login HTTP/1.1[0m" 200 -
127.0.0.1 - - [16/Oct/2024 03:42:12] "[37mPOST /login HTTP/1.1[0m" 200 -
 * Serving Flask app "Pregunta2" (lazy loading)
 * Environment: production
   WARNING: This is a development server. Do not use it in a production deployment.
   Use a production WSGI server instead.
 * Debug mode: off
Traceback (most recent call last):
  File "Pregunta2.py", line 51, in <module>
    app.run(host='0.0.0.0', port=7890, ssl_context='adhoc')
  File "/home/devasc/.local/lib/python3.8/site-packages/flask/app.py", line 990, in run
    run_simple(host, port, self, **options)
  File "/home/devasc/.local/lib/python3.8/site-packages/werkzeug/serving.py", line 1052, in run_simple
    inner()
  File "/home/devasc/.local/lib/python3.8/site-packages/werkzeug/serving.py", line 996, in inner
    srv = make_server(
  File "/home/devasc/.local/lib/python3.8/site-packages/werkzeug/serving.py", line 847, in make_server
    return ThreadedWSGIServer(
  File "/home/devasc/.local/lib/python3.8/site-packages/werkzeug/serving.py", line 740, in __init__
    HTTPServer.__init__(self, server_address, handler)
  File "/usr/lib/python3.8/socketserver.py", line 452, in __init__
    self.server_bind()
  File "/usr/lib/python3.8/http/server.py", line 138, in server_bind
    socketserver.TCPServer.server_bind(self)
  File "/usr/lib/python3.8/socketserver.py", line 466, in server_bind
    self.socket.bind(self.server_address)
OSError: [Errno 98] Address already in use
127.0.0.1 - - [16/Oct/2024 03:45:00] "[37mPOST /signup HTTP/1.1[0m" 200 -
127.0.0.1 - - [16/Oct/2024 03:45:45] "[37mPOST /login HTTP/1.1[0m" 200 -
127.0.0.1 - - [16/Oct/2024 03:46:16] "[37mPOST /login HTTP/1.1[0m" 200 -
 * Serving Flask app "Pregunta2" (lazy loading)
 * Environment: production
   WARNING: This is a development server. Do not use it in a production deployment.
   Use a production WSGI server instead.
 * Debug mode: off
 * Running on https://0.0.0.0:7890/ (Press CTRL+C to quit)
127.0.0.1 - - [16/Oct/2024 03:57:05] "[37mPOST /signup HTTP/1.1[0m" 200 -
127.0.0.1 - - [16/Oct/2024 03:57:35] "[37mPOST /login HTTP/1.1[0m" 200 -
127.0.0.1 - - [16/Oct/2024 03:57:52] "[37mPOST /login HTTP/1.1[0m" 200 -
